<?xml version="1.0" encoding="UTF-8"?>
<testng-results ignored="0" total="1" passed="1" failed="0" skipped="0">
  <reporter-output>
  </reporter-output>
  <suite started-at="2022-09-22T09:23:32 IST" name="Default suite" finished-at="2022-09-22T09:23:50 IST" duration-ms="17277">
    <groups>
    </groups>
    <test started-at="2022-09-22T09:23:32 IST" name="Default test" finished-at="2022-09-22T09:23:50 IST" duration-ms="17277">
      <class name="com.WordPress.testClass.WordPressTest">
        <test-method is-config="true" signature="BeforeSuite()[pri:0, instance:com.WordPress.testClass.WordPressTest@1d9b7cce]" started-at="2022-09-22T09:23:32 IST" name="BeforeSuite" finished-at="2022-09-22T09:23:32 IST" duration-ms="121" status="PASS">
          <reporter-output>
          </reporter-output>
        </test-method> <!-- BeforeSuite -->
        <test-method is-config="true" signature="setup()[pri:0, instance:com.WordPress.testClass.WordPressTest@1d9b7cce]" started-at="2022-09-22T09:23:32 IST" name="setup" finished-at="2022-09-22T09:23:40 IST" duration-ms="7398" status="PASS">
          <reporter-output>
          </reporter-output>
        </test-method> <!-- setup -->
        <test-method signature="wordPressTest()[pri:0, instance:com.WordPress.testClass.WordPressTest@1d9b7cce]" started-at="2022-09-22T09:23:40 IST" name="wordPressTest" finished-at="2022-09-22T09:23:50 IST" duration-ms="9685" status="PASS">
          <reporter-output>
          </reporter-output>
        </test-method> <!-- wordPressTest -->
        <test-method is-config="true" signature="tearDown()[pri:0, instance:com.WordPress.testClass.WordPressTest@1d9b7cce]" started-at="2022-09-22T09:23:50 IST" name="tearDown" finished-at="2022-09-22T09:23:50 IST" duration-ms="168" status="PASS">
          <reporter-output>
          </reporter-output>
        </test-method> <!-- tearDown -->
        <test-method is-config="true" signature="afterSuite()[pri:0, instance:com.WordPress.testClass.WordPressTest@1d9b7cce]" started-at="2022-09-22T09:23:50 IST" name="afterSuite" finished-at="2022-09-22T09:23:50 IST" duration-ms="2" status="PASS">
          <reporter-output>
          </reporter-output>
        </test-method> <!-- afterSuite -->
      </class> <!-- com.WordPress.testClass.WordPressTest -->
    </test> <!-- Default test -->
  </suite> <!-- Default suite -->
</testng-results>
